

FATAL ERROR:  Unhandled e0434352h Exception at 75eac6e3h

12/13/2012 at 22:32:54.841  Drawing: F:\2012\ABB 2012\Thiet bi ep lo xo AR12280\AR12280.dwg
-------------


FATAL ERROR:  Unhandled e0434352h Exception at 757cc6e3h

03/03/2013 at 09:08:34.940  Drawing: F:\2013\HVN 2013\WEPR 2013\Dap so thu nuoc\Thiet bi thu kin binh xang.dwg
-------------


FATAL ERROR:  Unhandled e0434352h Exception at 75b5812fh

09/26/2013 at 15:41:29.592  Drawing: F:\2013\ABB 2013\PO ABB 2013\Forklift for tube\Forklift for tube.dwg
-------------


FATAL ERROR:  Unhandled e0434352h Exception at 750d812fh

10/19/2013 at 10:14:30.226  Drawing: F:\2013\ABB 2013\PO ABB 2013\Forklift for tube\Panel forklift for tube.dwg
-------------


FATAL ERROR:  Out of memory - shutting down

06/04/2015 at 17:34:27.542  Drawing: D:\2015\ATP 2015\PO\Jig quay khung\Ref\body 30s.dwg
-------------


FATAL ERROR:  Out of memory - shutting down

06/26/2015 at 00:52:07.328  Drawing: C:\Users\Administrator\Desktop\Take carrier.dwg
-------------


FATAL ERROR:  Unhandled e06d7363h Exception at 76c3dae8h

07/17/2016 at 10:54:00.804  Drawing: 
-------------


FATAL ERROR:  Unhandled e06d7363h Exception at 7484dae8h

07/19/2016 at 12:56:21.451  Drawing: 
-------------
